This file contains any messages produced by compilers while
running configure, to aid debugging if configure makes a mistake.

It was created by emotiv-stream-team configure 0.1, which was
generated by GNU Autoconf 2.68.  Invocation command line was

  $ ./configure 

## --------- ##
## Platform. ##
## --------- ##

hostname = RocKThoR
uname -m = x86_64
uname -r = 3.8.0-36-generic
uname -s = Linux
uname -v = #52~precise1-Ubuntu SMP Mon Feb 3 21:54:46 UTC 2014

/usr/bin/uname -p = unknown
/bin/uname -X     = unknown

/bin/arch              = unknown
/usr/bin/arch -k       = unknown
/usr/convex/getsysinfo = unknown
/usr/bin/hostinfo      = unknown
/bin/machine           = unknown
/usr/bin/oslevel       = unknown
/bin/universe          = unknown

PATH: /usr/local/sbin
PATH: /usr/local/bin
PATH: /usr/sbin
PATH: /usr/bin
PATH: /sbin
PATH: /bin


## ----------- ##
## Core tests. ##
## ----------- ##

configure:1736: checking for a BSD-compatible install
configure:1804: result: /usr/bin/install -c
configure:1815: checking whether build environment is sane
configure:1865: result: yes
configure:2006: checking for a thread-safe mkdir -p
configure:2045: result: /bin/mkdir -p
configure:2058: checking for gawk
configure:2088: result: no
configure:2058: checking for mawk
configure:2074: found /usr/bin/mawk
configure:2085: result: mawk
configure:2096: checking whether make sets $(MAKE)
configure:2118: result: yes
configure:2231: checking for a Python interpreter with version >= 2.7
configure:2248: python -c import sys # split strings by '.' and convert to numeric. Append some zeros # because we need at least 4 digits for the hex conversion. # map returns an iterator in Python 3.0 and a list in 2.x minver = list(map(int, '2.7'.split('.'))) + [0, 0, 0] minverhex = 0 # xrange is not present in Python 3.0 and range returns an iterator for i in list(range(0, 4)): minverhex = (minverhex << 8) + minver[i] sys.exit(sys.hexversion < minverhex)
configure:2251: $? = 0
configure:2257: result: python
configure:2265: checking for python
configure:2283: found /usr/bin/python
configure:2295: result: /usr/bin/python
configure:2313: checking for python version
configure:2320: result: 2.7
configure:2332: checking for python platform
configure:2339: result: linux2
configure:2346: checking for python script directory
configure:2374: result: ${prefix}/lib/python2.7/dist-packages
configure:2383: checking for python extension module directory
configure:2411: result: ${exec_prefix}/lib/python2.7/dist-packages
configure:2577: creating ./config.status

## ---------------------- ##
## Running config.status. ##
## ---------------------- ##

This file was extended by emotiv-stream-team config.status 0.1, which was
generated by GNU Autoconf 2.68.  Invocation command line was

  CONFIG_FILES    = 
  CONFIG_HEADERS  = 
  CONFIG_LINKS    = 
  CONFIG_COMMANDS = 
  $ ./config.status 

on RocKThoR

config.status:761: creating Makefile
config.status:761: creating src/Makefile
config.status:761: creating src/streamteam/Makefile

## ---------------- ##
## Cache variables. ##
## ---------------- ##

ac_cv_env_PYTHON_set=
ac_cv_env_PYTHON_value=
ac_cv_env_build_alias_set=
ac_cv_env_build_alias_value=
ac_cv_env_host_alias_set=
ac_cv_env_host_alias_value=
ac_cv_env_target_alias_set=
ac_cv_env_target_alias_value=
ac_cv_path_PYTHON=/usr/bin/python
ac_cv_path_install='/usr/bin/install -c'
ac_cv_path_mkdir=/bin/mkdir
ac_cv_prog_AWK=mawk
ac_cv_prog_make_make_set=yes
am_cv_pathless_PYTHON=python
am_cv_python_platform=linux2
am_cv_python_pyexecdir='${exec_prefix}/lib/python2.7/dist-packages'
am_cv_python_pythondir='${prefix}/lib/python2.7/dist-packages'
am_cv_python_version=2.7

## ----------------- ##
## Output variables. ##
## ----------------- ##

ACLOCAL='${SHELL} /home/bdx/all-code/python/git/emotiv-stream-team/missing --run aclocal-1.11'
AMTAR='$${TAR-tar}'
AUTOCONF='${SHELL} /home/bdx/all-code/python/git/emotiv-stream-team/missing --run autoconf'
AUTOHEADER='${SHELL} /home/bdx/all-code/python/git/emotiv-stream-team/missing --run autoheader'
AUTOMAKE='${SHELL} /home/bdx/all-code/python/git/emotiv-stream-team/missing --run automake-1.11'
AWK='mawk'
CYGPATH_W='echo'
DEFS='-DPACKAGE_NAME=\"emotiv-stream-team\" -DPACKAGE_TARNAME=\"emotiv-stream-team\" -DPACKAGE_VERSION=\"0.1\" -DPACKAGE_STRING=\"emotiv-stream-team\ 0.1\" -DPACKAGE_BUGREPORT=\"\" -DPACKAGE_URL=\"\" -DPACKAGE=\"emotiv-stream-team\" -DVERSION=\"0.1\"'
ECHO_C=''
ECHO_N='-n'
ECHO_T=''
INSTALL_DATA='${INSTALL} -m 644'
INSTALL_PROGRAM='${INSTALL}'
INSTALL_SCRIPT='${INSTALL}'
INSTALL_STRIP_PROGRAM='$(install_sh) -c -s'
LIBOBJS=''
LIBS=''
LTLIBOBJS=''
MAKEINFO='${SHELL} /home/bdx/all-code/python/git/emotiv-stream-team/missing --run makeinfo'
MKDIR_P='/bin/mkdir -p'
PACKAGE='emotiv-stream-team'
PACKAGE_BUGREPORT=''
PACKAGE_NAME='emotiv-stream-team'
PACKAGE_STRING='emotiv-stream-team 0.1'
PACKAGE_TARNAME='emotiv-stream-team'
PACKAGE_URL=''
PACKAGE_VERSION='0.1'
PATH_SEPARATOR=':'
PYTHON='/usr/bin/python'
PYTHON_EXEC_PREFIX='${exec_prefix}'
PYTHON_PLATFORM='linux2'
PYTHON_PREFIX='${prefix}'
PYTHON_VERSION='2.7'
SET_MAKE=''
SHELL='/bin/bash'
STRIP=''
VERSION='0.1'
am__isrc=''
am__leading_dot='.'
am__tar='$${TAR-tar} chof - "$$tardir"'
am__untar='$${TAR-tar} xf -'
bindir='${exec_prefix}/bin'
build_alias=''
datadir='${datarootdir}'
datarootdir='${prefix}/share'
docdir='${datarootdir}/doc/${PACKAGE_TARNAME}'
dvidir='${docdir}'
exec_prefix='${prefix}'
host_alias=''
htmldir='${docdir}'
includedir='${prefix}/include'
infodir='${datarootdir}/info'
install_sh='${SHELL} /home/bdx/all-code/python/git/emotiv-stream-team/install-sh'
libdir='${exec_prefix}/lib'
libexecdir='${exec_prefix}/libexec'
localedir='${datarootdir}/locale'
localstatedir='${prefix}/var'
mandir='${datarootdir}/man'
mkdir_p='/bin/mkdir -p'
oldincludedir='/usr/include'
pdfdir='${docdir}'
pkgpyexecdir='${pyexecdir}/emotiv-stream-team'
pkgpythondir='${pythondir}/emotiv-stream-team'
prefix='/usr/local'
program_transform_name='s,x,x,'
psdir='${docdir}'
pyexecdir='${exec_prefix}/lib/python2.7/dist-packages'
pythondir='${prefix}/lib/python2.7/dist-packages'
sbindir='${exec_prefix}/sbin'
sharedstatedir='${prefix}/com'
sysconfdir='${prefix}/etc'
target_alias=''

## ----------- ##
## confdefs.h. ##
## ----------- ##

/* confdefs.h */
#define PACKAGE_NAME "emotiv-stream-team"
#define PACKAGE_TARNAME "emotiv-stream-team"
#define PACKAGE_VERSION "0.1"
#define PACKAGE_STRING "emotiv-stream-team 0.1"
#define PACKAGE_BUGREPORT ""
#define PACKAGE_URL ""
#define PACKAGE "emotiv-stream-team"
#define VERSION "0.1"

configure: exit 0
